Intialization success.

notify: *
notify: *
notify: *
notify: utf-8 test: 黒い猫の星は撤回しない
notify: Привет, Мир.
notify: Система загружена и готова к работе.
sigint_handler
notify: Получил сигнал SIGINT. Завершаюсь.
sigint_handler
notify: Получил сигнал SIGINT. Завершаюсь.
sigint_handler
notify: Получил сигнал SIGINT. Завершаюсь.
sigint_handler
notify: Получил сигнал SIGINT. Завершаюсь.
sigint_handler
notify: Получил сигнал SIGINT. Завершаюсь.
Intialization success.

notify: *
notify: *
notify: *
notify: utf-8 test: 黒い猫の星は撤回しない
notify: Привет, Мир.
notify: Система загружена и готова к работе.
Intialization success.

notify: *
notify: *
notify: *
notify: utf-8 test: 黒い猫の星は撤回しない
notify: Привет, Мир.
notify: Система загружена и готова к работе.
incom: просканируй сеть
notify: Нераспознанная входная последовательность
incom: просканируй сеть
scan_network
notify: Сканирую сеть
incom: просканируй сеть
notify: Нераспознанная входная последовательность
